<?xml version="1.0" encoding="UTF-8"?>
<!-- Generated by org.testng.reporters.JUnitReportReporter -->
<testsuite hostname="DESKTOP-45D2DID" failures="0" tests="2" name="altroMutual.accountSummary" time="9.532" errors="0" timestamp="2023-01-03T17:50:23 IST" skipped="0">
  <testcase classname="altroMutual.accountSummary" name="ValidCreadential" time="2.607"/>
  <system-out/>
  <testcase classname="altroMutual.accountSummary" name="Checkbalance" time="6.925"/>
  <system-out/>
</testsuite> <!-- altroMutual.accountSummary -->
