<?xml version="1.0" encoding="UTF-8"?>
<!-- Generated by org.testng.reporters.JUnitReportReporter -->
<testsuite hostname="DESKTOP-45D2DID" failures="0" tests="6" name="altroMutual.fundTransfer" time="29.097" errors="0" timestamp="2023-01-03T20:07:41 IST" skipped="0">
  <testcase classname="altroMutual.fundTransfer" name="ValidCreadential" time="1.169"/>
  <system-out/>
  <testcase classname="altroMutual.fundTransfer" name="Checkbalance" time="8.168"/>
  <system-out/>
  <testcase classname="altroMutual.fundTransfer" name="VerifyTransferAmount" time="1.455"/>
  <system-out/>
  <testcase classname="altroMutual.fundTransfer" name="verifyTransancation" time="3.326"/>
  <system-out/>
  <testcase classname="altroMutual.fundTransfer" name="verifyThankYou" time="8.968"/>
  <system-out/>
  <testcase classname="altroMutual.fundTransfer" name="singOff" time="6.011"/>
  <system-out/>
</testsuite> <!-- altroMutual.fundTransfer -->
