<?xml version="1.0" encoding="UTF-8"?>
<!-- Generated by org.testng.reporters.JUnitReportReporter -->
<testsuite hostname="DESKTOP-45D2DID" failures="0" tests="6" name="altroMutual.AltroMutual" time="13.576" errors="0" timestamp="2023-01-04T10:57:59 IST" skipped="0">
  <testcase classname="altroMutual.AltroMutual" name="loginWithInvalidData" time="1.795"/>
  <system-out/>
  <testcase classname="altroMutual.AltroMutual" name="loginWithValidData" time="1.094"/>
  <system-out/>
  <testcase classname="altroMutual.AltroMutual" name="Checkbalance" time="2.446"/>
  <system-out/>
  <testcase classname="altroMutual.AltroMutual" name="VerifyTransferAmount" time="2.840"/>
  <system-out/>
  <testcase classname="altroMutual.AltroMutual" name="VerifyRecentTransanction" time="0.784"/>
  <system-out/>
  <testcase classname="altroMutual.AltroMutual" name="VerifyContactUs" time="4.617"/>
  <system-out/>
</testsuite> <!-- altroMutual.AltroMutual -->
