<?xml version="1.0" encoding="UTF-8"?>
<!-- Generated by org.testng.reporters.JUnitReportReporter -->
<testsuite hostname="DESKTOP-45D2DID" failures="0" tests="2" name="altroMutual.Loginpage" time="3.205" errors="0" timestamp="2023-01-04T09:38:57 IST" skipped="0">
  <testcase classname="altroMutual.Loginpage" name="InvalidCreadential" time="1.984"/>
  <system-out/>
  <testcase classname="altroMutual.Loginpage" name="ValidCreadential" time="1.221"/>
  <system-out/>
</testsuite> <!-- altroMutual.Loginpage -->
